<?xml version="1.0" encoding="UTF-8"?>
<testng-results skipped="0" failed="0" ignored="0" total="1" passed="1">
  <reporter-output>
  </reporter-output>
  <suite name="Default suite" duration-ms="34232" started-at="2018-08-26T06:22:59Z" finished-at="2018-08-26T06:23:33Z">
    <groups>
    </groups>
    <test name="Default test" duration-ms="34232" started-at="2018-08-26T06:22:59Z" finished-at="2018-08-26T06:23:33Z">
      <class name="sampleGIT.SampleGIT">
        <test-method status="PASS" signature="loginTest()[pri:0, instance:sampleGIT.SampleGIT@6b57696f]" name="loginTest" duration-ms="34072" started-at="2018-08-26T06:22:59Z" finished-at="2018-08-26T06:23:33Z">
          <reporter-output>
          </reporter-output>
        </test-method> <!-- loginTest -->
      </class> <!-- sampleGIT.SampleGIT -->
    </test> <!-- Default test -->
  </suite> <!-- Default suite -->
</testng-results>
